生成启动时间为 2014/1/7 16:09:33。
     1>项目“E:\Qt_test\stellarium\stellarium.vcxproj”在节点 2 上(build 个目标)。
     1>C:\Program Files\MSBuild\Microsoft.Cpp\v4.0\Microsoft.CppBuild.targets(298,5): warning MSB8004: Intermediate 目录未以斜杠结尾。此生成实例将添加斜杠，因为必须有这个斜杠才能正确计算 Intermediate 目录。
     1>InitializeBuildStatus:
         正在对“Win32\Debug\stellarium.unsuccessfulbuild”执行 Touch 任务。
       CustomBuild:
         Moc'ing StelMainGraphicsView.h...
         Moc'ing mainwindow.h...
         Uic'ing mainwindow.ui...
       ClCompile:
         D:\Program Files\Microsoft Visual Studio 10.0\VC\bin\CL.exe /c /ID:\Qt\Qt5.2.0\5.2.0\msvc2010_opengl\include /ID:\Qt\Qt5.2.0\5.2.0\msvc2010_opengl\include\QtWidgets /ID:\Qt\Qt5.2.0\5.2.0\msvc2010_opengl\include\QtGui /ID:\Qt\Qt5.2.0\5.2.0\msvc2010_opengl\include\QtCore /Idebug /I. /I"D:\Qt\Qt5.2.0\5.2.0\msvc2010_opengl\mkspecs\win32-msvc2010" /I.\GeneratedFiles /Zi /nologo /W3 /WX- /Od /Oy- /D _WINDOWS /D WIN32 /D QT_WIDGETS_LIB /D QT_GUI_LIB /D QT_CORE_LIB /Gm- /EHsc /MDd /GS /fp:precise /Zc:wchar_t /Zc:forScope /GR /Fo"Win32\Debug\\" /Fd"Win32\Debug\vc100.pdb" /Gd /TP /analyze- /errorReport:prompt Debug\moc_mainwindow.cpp Debug\moc_StelMainGraphicsView.cpp StelMainGraphicsView.cpp main.cpp mainwindow.cpp -Zm200 -w34100 -w34189 
         moc_mainwindow.cpp
         moc_StelMainGraphicsView.cpp
         StelMainGraphicsView.cpp
         main.cpp
         mainwindow.cpp
         正在生成代码...
       Link:
         D:\Program Files\Microsoft Visual Studio 10.0\VC\bin\link.exe /ERRORREPORT:PROMPT /OUT:"debug\\stellarium.exe" /NOLOGO /LIBPATH:D:\Qt\Qt5.2.0\5.2.0\msvc2010_opengl\lib /LIBPATH:D:\Qt\Qt5.2.0\5.2.0\msvc2010_opengl\lib glu32.lib opengl32.lib gdi32.lib user32.lib qtmaind.lib D:\Qt\Qt5.2.0\5.2.0\msvc2010_opengl\lib\Qt5Widgetsd.lib D:\Qt\Qt5.2.0\5.2.0\msvc2010_opengl\lib\Qt5Guid.lib D:\Qt\Qt5.2.0\5.2.0\msvc2010_opengl\lib\Qt5Cored.lib opencv_calib3d244d.lib opencv_contrib244d.lib opencv_core244d.lib opencv_features2d244d.lib opencv_flann244d.lib opencv_gpu244d.lib opencv_highgui244d.lib opencv_imgproc244d.lib opencv_legacy244d.lib opencv_ml244d.lib opencv_nonfree244d.lib opencv_objdetect244d.lib opencv_photo244d.lib opencv_stitching244d.lib opencv_ts244d.lib opencv_video244d.lib opencv_videostab244d.lib opencv_calib3d244.lib opencv_contrib244.lib opencv_core244.lib opencv_features2d244.lib opencv_flann244.lib opencv_gpu244.lib opencv_highgui244.lib opencv_imgproc244.lib opencv_legacy244.lib opencv_ml244.lib opencv_nonfree244.lib opencv_objdetect244.lib opencv_photo244.lib opencv_stitching244.lib opencv_ts244.lib opencv_video244.lib opencv_videostab244.lib kernel32.lib user32.lib gdi32.lib winspool.lib comdlg32.lib advapi32.lib shell32.lib ole32.lib oleaut32.lib uuid.lib odbc32.lib odbccp32.lib /MANIFEST /ManifestFile:"Win32\Debug\stellarium.exe.intermediate.manifest" /MANIFESTUAC:"level='asInvoker' uiAccess='false'" /DEBUG /PDB:"E:\Qt_test\stellarium\debug\stellarium.pdb" /SUBSYSTEM:WINDOWS /TLBID:1 /DYNAMICBASE /NXCOMPAT /MACHINE:X86 Win32\Debug\moc_mainwindow.obj
         Win32\Debug\moc_StelMainGraphicsView.obj
         Win32\Debug\StelMainGraphicsView.obj
         Win32\Debug\main.obj
         Win32\Debug\mainwindow.obj "/MANIFESTDEPENDENCY:type='win32' name='Microsoft.Windows.Common-Controls' version='6.0.0.0' publicKeyToken='6595b64144ccf1df' language='*' processorArchitecture='*'" 
         stellarium.vcxproj -> E:\Qt_test\stellarium\debug\stellarium.exe
       Manifest:
         C:\Program Files\Microsoft SDKs\Windows\v7.0A\bin\mt.exe /nologo /verbose /outputresource:"debug\\stellarium.exe;#1" /manifest Win32\Debug\stellarium.exe.intermediate.manifest
       FinalizeBuildStatus:
         正在删除文件“Win32\Debug\stellarium.unsuccessfulbuild”。
         正在对“Win32\Debug\stellarium.lastbuildstate”执行 Touch 任务。
     1>已完成生成项目“E:\Qt_test\stellarium\stellarium.vcxproj”(build 个目标)的操作。

生成成功。

已用时间 00:00:09.27
